This file contains any messages produced by compilers while
running configure, to aid debugging if configure makes a mistake.

It was created by libsamplerate configure 0.1.9, which was
generated by GNU Autoconf 2.69.  Invocation command line was

  $ ./configure --enable-gcc-werror

## --------- ##
## Platform. ##
## --------- ##

hostname = papi
uname -m = x86_64
uname -r = 5.4.0-42-generic
uname -s = Linux
uname -v = #46-Ubuntu SMP Fri Jul 10 00:24:02 UTC 2020

/usr/bin/uname -p = x86_64
/bin/uname -X     = unknown

/bin/arch              = x86_64
/usr/bin/arch -k       = unknown
/usr/convex/getsysinfo = unknown
/usr/bin/hostinfo      = unknown
/bin/machine           = unknown
/usr/bin/oslevel       = unknown
/bin/universe          = unknown

PATH: /usr/local/sbin
PATH: /usr/local/bin
PATH: /usr/sbin
PATH: /usr/bin
PATH: /sbin
PATH: /bin
PATH: /snap/bin


## ----------- ##
## Core tests. ##
## ----------- ##

configure:2634: checking build system type
configure:2648: result: x86_64-unknown-linux-gnu
configure:2668: checking host system type
configure:2681: result: x86_64-unknown-linux-gnu
configure:2701: checking target system type
configure:2714: result: x86_64-unknown-linux-gnu
configure:2761: checking for a BSD-compatible install
configure:2829: result: /usr/bin/install -c
configure:2840: checking whether build environment is sane
configure:2895: result: yes
configure:2931: WARNING: 'missing' script is too old or missing
configure:3044: checking for a thread-safe mkdir -p
configure:3083: result: /usr/bin/mkdir -p
configure:3090: checking for gawk
configure:3120: result: no
configure:3090: checking for mawk
configure:3106: found /usr/bin/mawk
configure:3117: result: mawk
configure:3128: checking whether make sets $(MAKE)
configure:3150: result: yes
configure:3179: checking whether make supports nested variables
configure:3196: result: yes
configure:3334: checking whether make supports nested variables
configure:3351: result: yes
configure:3421: checking for gcc
configure:3437: found /usr/bin/gcc
configure:3448: result: gcc
configure:3677: checking for C compiler version
configure:3686: gcc --version >&5
gcc (Ubuntu 9.3.0-17ubuntu1~20.04) 9.3.0
Copyright (C) 2019 Free Software Foundation, Inc.
This is free software; see the source for copying conditions.  There is NO
warranty; not even for MERCHANTABILITY or FITNESS FOR A PARTICULAR PURPOSE.

configure:3697: $? = 0
configure:3686: gcc -v >&5
Using built-in specs.
COLLECT_GCC=gcc
COLLECT_LTO_WRAPPER=/usr/lib/gcc/x86_64-linux-gnu/9/lto-wrapper
OFFLOAD_TARGET_NAMES=nvptx-none:hsa
OFFLOAD_TARGET_DEFAULT=1
Target: x86_64-linux-gnu
Configured with: ../src/configure -v --with-pkgversion='Ubuntu 9.3.0-17ubuntu1~20.04' --with-bugurl=file:///usr/share/doc/gcc-9/README.Bugs --enable-languages=c,ada,c++,go,brig,d,fortran,objc,obj-c++,gm2 --prefix=/usr --with-gcc-major-version-only --program-suffix=-9 --program-prefix=x86_64-linux-gnu- --enable-shared --enable-linker-build-id --libexecdir=/usr/lib --without-included-gettext --enable-threads=posix --libdir=/usr/lib --enable-nls --enable-clocale=gnu --enable-libstdcxx-debug --enable-libstdcxx-time=yes --with-default-libstdcxx-abi=new --enable-gnu-unique-object --disable-vtable-verify --enable-plugin --enable-default-pie --with-system-zlib --with-target-system-zlib=auto --enable-objc-gc=auto --enable-multiarch --disable-werror --with-arch-32=i686 --with-abi=m64 --with-multilib-list=m32,m64,mx32 --enable-multilib --with-tune=generic --enable-offload-targets=nvptx-none=/build/gcc-9-HskZEa/gcc-9-9.3.0/debian/tmp-nvptx/usr,hsa --without-cuda-driver --enable-checking=release --build=x86_64-linux-gnu --host=x86_64-linux-gnu --target=x86_64-linux-gnu
Thread model: posix
gcc version 9.3.0 (Ubuntu 9.3.0-17ubuntu1~20.04) 
configure:3697: $? = 0
configure:3686: gcc -V >&5
gcc: error: unrecognized command line option '-V'
gcc: fatal error: no input files
compilation terminated.
configure:3697: $? = 1
configure:3686: gcc -qversion >&5
gcc: error: unrecognized command line option '-qversion'; did you mean '--version'?
gcc: fatal error: no input files
compilation terminated.
configure:3697: $? = 1
configure:3717: checking whether the C compiler works
configure:3739: gcc    conftest.c  >&5
configure:3743: $? = 0
configure:3791: result: yes
configure:3794: checking for C compiler default output file name
configure:3796: result: a.out
configure:3802: checking for suffix of executables
configure:3809: gcc -o conftest    conftest.c  >&5
configure:3813: $? = 0
configure:3835: result: 
configure:3857: checking whether we are cross compiling
configure:3865: gcc -o conftest    conftest.c  >&5
configure:3869: $? = 0
configure:3876: ./conftest
configure:3880: $? = 0
configure:3868: result: no
configure:3873: checking for suffix of object files
configure:3895: gcc -c   conftest.c >&5
configure:3899: $? = 0
configure:3920: result: o
configure:3924: checking whether we are using the GNU C compiler
configure:3943: gcc -c   conftest.c >&5
configure:3943: $? = 0
configure:3952: result: yes
configure:3961: checking whether gcc accepts -g
configure:3981: gcc -c -g  conftest.c >&5
configure:3981: $? = 0
configure:4022: result: yes
configure:4039: checking for gcc option to accept ISO C89
configure:4102: gcc  -c -g -O2  conftest.c >&5
configure:4102: $? = 0
configure:4115: result: none needed
configure:4140: checking whether gcc understands -c and -o together
configure:4162: gcc -c conftest.c -o conftest2.o
configure:4165: $? = 0
configure:4162: gcc -c conftest.c -o conftest2.o
configure:4165: $? = 0
configure:4177: result: yes
configure:4197: checking whether make supports the include directive
configure:4212: make -f confmf.GNU && cat confinc.out
this is the am__doit target
configure:4215: $? = 0
configure:4234: result: yes (GNU style)
configure:4259: checking dependency style of gcc
configure:4370: result: gcc3
configure:4444: checking for g++
configure:4474: result: no
configure:4444: checking for c++
configure:4474: result: no
configure:4444: checking for gpp
configure:4474: result: no
configure:4444: checking for aCC
configure:4474: result: no
configure:4444: checking for CC
configure:4474: result: no
configure:4444: checking for cxx
configure:4474: result: no
configure:4444: checking for cc++
configure:4474: result: no
configure:4444: checking for cl.exe
configure:4474: result: no
configure:4444: checking for FCC
configure:4474: result: no
configure:4444: checking for KCC
configure:4474: result: no
configure:4444: checking for RCC
configure:4474: result: no
configure:4444: checking for xlC_r
configure:4474: result: no
configure:4444: checking for xlC
configure:4474: result: no
configure:4498: checking for C++ compiler version
configure:4507: g++ --version >&5
./configure: line 4509: g++: command not found
configure:4518: $? = 127
configure:4507: g++ -v >&5
./configure: line 4509: g++: command not found
configure:4518: $? = 127
configure:4507: g++ -V >&5
./configure: line 4509: g++: command not found
configure:4518: $? = 127
configure:4507: g++ -qversion >&5
./configure: line 4509: g++: command not found
configure:4518: $? = 127
configure:4522: checking whether we are using the GNU C++ compiler
configure:4541: g++ -c   conftest.cpp >&5
./configure: line 1642: g++: command not found
configure:4541: $? = 127
configure: failed program was:
| /* confdefs.h */
| #define PACKAGE_NAME "libsamplerate"
| #define PACKAGE_TARNAME "libsamplerate"
| #define PACKAGE_VERSION "0.1.9"
| #define PACKAGE_STRING "libsamplerate 0.1.9"
| #define PACKAGE_BUGREPORT "erikd@mega-nerd.com"
| #define PACKAGE_URL "http://www.mega-nerd.com/libsamplerate/"
| #define PACKAGE "libsamplerate"
| #define VERSION "0.1.9"
| /* end confdefs.h.  */
| 
| int
| main ()
| {
| #ifndef __GNUC__
|        choke me
| #endif
| 
|   ;
|   return 0;
| }
configure:4550: result: no
configure:4559: checking whether g++ accepts -g
configure:4579: g++ -c -g  conftest.cpp >&5
./configure: line 1642: g++: command not found
configure:4579: $? = 127
configure: failed program was:
| /* confdefs.h */
| #define PACKAGE_NAME "libsamplerate"
| #define PACKAGE_TARNAME "libsamplerate"
| #define PACKAGE_VERSION "0.1.9"
| #define PACKAGE_STRING "libsamplerate 0.1.9"
| #define PACKAGE_BUGREPORT "erikd@mega-nerd.com"
| #define PACKAGE_URL "http://www.mega-nerd.com/libsamplerate/"
| #define PACKAGE "libsamplerate"
| #define VERSION "0.1.9"
| /* end confdefs.h.  */
| 
| int
| main ()
| {
| 
|   ;
|   return 0;
| }
configure:4594: g++ -c   conftest.cpp >&5
./configure: line 1642: g++: command not found
configure:4594: $? = 127
configure: failed program was:
| /* confdefs.h */
| #define PACKAGE_NAME "libsamplerate"
| #define PACKAGE_TARNAME "libsamplerate"
| #define PACKAGE_VERSION "0.1.9"
| #define PACKAGE_STRING "libsamplerate 0.1.9"
| #define PACKAGE_BUGREPORT "erikd@mega-nerd.com"
| #define PACKAGE_URL "http://www.mega-nerd.com/libsamplerate/"
| #define PACKAGE "libsamplerate"
| #define VERSION "0.1.9"
| /* end confdefs.h.  */
| 
| int
| main ()
| {
| 
|   ;
|   return 0;
| }
configure:4610: g++ -c -g  conftest.cpp >&5
./configure: line 1642: g++: command not found
configure:4610: $? = 127
configure: failed program was:
| /* confdefs.h */
| #define PACKAGE_NAME "libsamplerate"
| #define PACKAGE_TARNAME "libsamplerate"
| #define PACKAGE_VERSION "0.1.9"
| #define PACKAGE_STRING "libsamplerate 0.1.9"
| #define PACKAGE_BUGREPORT "erikd@mega-nerd.com"
| #define PACKAGE_URL "http://www.mega-nerd.com/libsamplerate/"
| #define PACKAGE "libsamplerate"
| #define VERSION "0.1.9"
| /* end confdefs.h.  */
| 
| int
| main ()
| {
| 
|   ;
|   return 0;
| }
configure:4620: result: no
configure:4645: checking dependency style of g++
configure:4756: result: none
configure:4771: checking for a sed that does not truncate output
configure:4835: result: /usr/bin/sed
configure:4889: checking how to print strings
configure:4916: result: printf
configure:4937: checking for a sed that does not truncate output
configure:5001: result: /usr/bin/sed
configure:5019: checking for grep that handles long lines and -e
configure:5077: result: /usr/bin/grep
configure:5082: checking for egrep
configure:5144: result: /usr/bin/grep -E
configure:5149: checking for fgrep
configure:5211: result: /usr/bin/grep -F
configure:5246: checking for ld used by gcc
configure:5313: result: /usr/bin/ld
configure:5320: checking if the linker (/usr/bin/ld) is GNU ld
configure:5335: result: yes
configure:5347: checking for BSD- or MS-compatible name lister (nm)
configure:5401: result: /usr/bin/nm -B
configure:5531: checking the name lister (/usr/bin/nm -B) interface
configure:5538: gcc -c -g -O2  conftest.c >&5
configure:5541: /usr/bin/nm -B "conftest.o"
configure:5544: output
0000000000000000 B some_variable
configure:5545: result: BSD nm
configure:5548: checking whether ln -s works
configure:5552: result: yes
configure:5560: checking the maximum length of command line arguments
configure:5691: result: 1572864
configure:5739: checking how to convert x86_64-unknown-linux-gnu file names to x86_64-unknown-linux-gnu format
configure:5779: result: func_convert_file_noop
configure:5786: checking how to convert x86_64-unknown-linux-gnu file names to toolchain format
configure:5806: result: func_convert_file_noop
configure:5813: checking for /usr/bin/ld option to reload object files
configure:5820: result: -r
configure:5894: checking for objdump
configure:5910: found /usr/bin/objdump
configure:5921: result: objdump
configure:5953: checking how to recognize dependent libraries
configure:6153: result: pass_all
configure:6238: checking for dlltool
configure:6268: result: no
configure:6298: checking how to associate runtime and link libraries
configure:6325: result: printf %s\n
configure:6386: checking for ar
configure:6402: found /usr/bin/ar
configure:6413: result: ar
configure:6450: checking for archiver @FILE support
configure:6467: gcc -c -g -O2  conftest.c >&5
configure:6467: $? = 0
configure:6470: ar cru libconftest.a @conftest.lst >&5
ar: `u' modifier ignored since `D' is the default (see `U')
configure:6473: $? = 0
configure:6478: ar cru libconftest.a @conftest.lst >&5
ar: `u' modifier ignored since `D' is the default (see `U')
ar: conftest.o: No such file or directory
configure:6481: $? = 1
configure:6480: result: @
configure:6538: checking for strip
configure:6554: found /usr/bin/strip
configure:6565: result: strip
configure:6637: checking for ranlib
configure:6653: found /usr/bin/ranlib
configure:6664: result: ranlib
configure:6766: checking command to parse /usr/bin/nm -B output from gcc object
configure:6919: gcc -c -g -O2  conftest.c >&5
configure:6922: $? = 0
configure:6926: /usr/bin/nm -B conftest.o \| sed -n -e 's/^.*[ ]\([ABCDGIRSTW][ABCDGIRSTW]*\)[ ][ ]*\([_A-Za-z][_A-Za-z0-9]*\)$/\1 \2 \2/p' | sed '/ __gnu_lto/d' \> conftest.nm
configure:6929: $? = 0
configure:6995: gcc -o conftest -g -O2   conftest.c conftstm.o >&5
configure:6998: $? = 0
configure:7036: result: ok
configure:7083: checking for sysroot
configure:7113: result: no
configure:7120: checking for a working dd
configure:7158: result: /usr/bin/dd
configure:7162: checking how to truncate binary pipes
configure:7177: result: /usr/bin/dd bs=4096 count=1
configure:7313: gcc -c -g -O2  conftest.c >&5
configure:7316: $? = 0
configure:7506: checking for mt
configure:7522: found /usr/bin/mt
configure:7533: result: mt
configure:7556: checking if mt is a manifest tool
configure:7562: mt '-?'
configure:7570: result: no
configure:8247: checking how to run the C preprocessor
configure:8278: gcc -E  conftest.c
configure:8278: $? = 0
configure:8292: gcc -E  conftest.c
conftest.c:11:10: fatal error: ac_nonexistent.h: No such file or directory
   11 | #include <ac_nonexistent.h>
      |          ^~~~~~~~~~~~~~~~~~
compilation terminated.
configure:8292: $? = 1
configure: failed program was:
| /* confdefs.h */
| #define PACKAGE_NAME "libsamplerate"
| #define PACKAGE_TARNAME "libsamplerate"
| #define PACKAGE_VERSION "0.1.9"
| #define PACKAGE_STRING "libsamplerate 0.1.9"
| #define PACKAGE_BUGREPORT "erikd@mega-nerd.com"
| #define PACKAGE_URL "http://www.mega-nerd.com/libsamplerate/"
| #define PACKAGE "libsamplerate"
| #define VERSION "0.1.9"
| /* end confdefs.h.  */
| #include <ac_nonexistent.h>
configure:8317: result: gcc -E
configure:8337: gcc -E  conftest.c
configure:8337: $? = 0
configure:8351: gcc -E  conftest.c
conftest.c:11:10: fatal error: ac_nonexistent.h: No such file or directory
   11 | #include <ac_nonexistent.h>
      |          ^~~~~~~~~~~~~~~~~~
compilation terminated.
configure:8351: $? = 1
configure: failed program was:
| /* confdefs.h */
| #define PACKAGE_NAME "libsamplerate"
| #define PACKAGE_TARNAME "libsamplerate"
| #define PACKAGE_VERSION "0.1.9"
| #define PACKAGE_STRING "libsamplerate 0.1.9"
| #define PACKAGE_BUGREPORT "erikd@mega-nerd.com"
| #define PACKAGE_URL "http://www.mega-nerd.com/libsamplerate/"
| #define PACKAGE "libsamplerate"
| #define VERSION "0.1.9"
| /* end confdefs.h.  */
| #include <ac_nonexistent.h>
configure:8380: checking for ANSI C header files
configure:8400: gcc -c -g -O2  conftest.c >&5
configure:8400: $? = 0
configure:8473: gcc -o conftest -g -O2   conftest.c  >&5
configure:8473: $? = 0
configure:8473: ./conftest
configure:8473: $? = 0
configure:8484: result: yes
configure:8497: checking for sys/types.h
configure:8497: gcc -c -g -O2  conftest.c >&5
configure:8497: $? = 0
configure:8497: result: yes
configure:8497: checking for sys/stat.h
configure:8497: gcc -c -g -O2  conftest.c >&5
configure:8497: $? = 0
configure:8497: result: yes
configure:8497: checking for stdlib.h
configure:8497: gcc -c -g -O2  conftest.c >&5
configure:8497: $? = 0
configure:8497: result: yes
configure:8497: checking for string.h
configure:8497: gcc -c -g -O2  conftest.c >&5
configure:8497: $? = 0
configure:8497: result: yes
configure:8497: checking for memory.h
configure:8497: gcc -c -g -O2  conftest.c >&5
configure:8497: $? = 0
configure:8497: result: yes
configure:8497: checking for strings.h
configure:8497: gcc -c -g -O2  conftest.c >&5
configure:8497: $? = 0
configure:8497: result: yes
configure:8497: checking for inttypes.h
configure:8497: gcc -c -g -O2  conftest.c >&5
configure:8497: $? = 0
configure:8497: result: yes
configure:8497: checking for stdint.h
configure:8497: gcc -c -g -O2  conftest.c >&5
configure:8497: $? = 0
configure:8497: result: yes
configure:8497: checking for unistd.h
configure:8497: gcc -c -g -O2  conftest.c >&5
configure:8497: $? = 0
configure:8497: result: yes
configure:8511: checking for dlfcn.h
configure:8511: gcc -c -g -O2  conftest.c >&5
configure:8511: $? = 0
configure:8511: result: yes
configure:8778: checking for objdir
configure:8793: result: .libs
configure:9057: checking if gcc supports -fno-rtti -fno-exceptions
configure:9075: gcc -c -g -O2  -fno-rtti -fno-exceptions conftest.c >&5
cc1: warning: command line option '-fno-rtti' is valid for C++/D/ObjC++ but not for C
configure:9079: $? = 0
configure:9092: result: no
configure:9450: checking for gcc option to produce PIC
configure:9457: result: -fPIC -DPIC
configure:9465: checking if gcc PIC flag -fPIC -DPIC works
configure:9483: gcc -c -g -O2  -fPIC -DPIC -DPIC conftest.c >&5
configure:9487: $? = 0
configure:9500: result: yes
configure:9529: checking if gcc static flag -static works
configure:9557: result: yes
configure:9572: checking if gcc supports -c -o file.o
configure:9593: gcc -c -g -O2  -o out/conftest2.o conftest.c >&5
configure:9597: $? = 0
configure:9619: result: yes
configure:9627: checking if gcc supports -c -o file.o
configure:9674: result: yes
configure:9707: checking whether the gcc linker (/usr/bin/ld -m elf_x86_64) supports shared libraries
configure:10970: result: yes
configure:11007: checking whether -lc should be explicitly linked in
configure:11015: gcc -c -g -O2  conftest.c >&5
configure:11018: $? = 0
configure:11033: gcc -shared  -fPIC -DPIC conftest.o  -v -Wl,-soname -Wl,conftest -o conftest 2\>\&1 \| /usr/bin/grep  -lc  \>/dev/null 2\>\&1
configure:11036: $? = 0
configure:11050: result: no
configure:11210: checking dynamic linker characteristics
configure:11791: gcc -o conftest -g -O2   -Wl,-rpath -Wl,/foo conftest.c  >&5
configure:11791: $? = 0
configure:12040: result: GNU/Linux ld.so
configure:12162: checking how to hardcode library paths into programs
configure:12187: result: immediate
configure:12735: checking whether stripping libraries is possible
configure:12740: result: yes
configure:12775: checking if libtool supports shared libraries
configure:12777: result: yes
configure:12780: checking whether to build shared libraries
configure:12805: result: yes
configure:12808: checking whether to build static libraries
configure:12812: result: yes
configure:12987: checking for windres
configure:13017: result: no
configure:13115: checking whether ln -s works
configure:13119: result: yes
configure:13149: checking whether make sets $(MAKE)
configure:13171: result: yes
configure:13180: checking whether ln -s works
configure:13184: result: yes
configure:13307: checking for ANSI C header files
configure:13411: result: yes
configure:13423: checking for stdint.h
configure:13423: result: yes
configure:13423: checking sys/times.h usability
configure:13423: gcc -c -g -O2  conftest.c >&5
configure:13423: $? = 0
configure:13423: result: yes
configure:13423: checking sys/times.h presence
configure:13423: gcc -E  conftest.c
configure:13423: $? = 0
configure:13423: result: yes
configure:13423: checking for sys/times.h
configure:13423: result: yes
configure:13489: checking size of int
configure:13494: gcc -o conftest -g -O2   conftest.c  >&5
configure:13494: $? = 0
configure:13494: ./conftest
configure:13494: $? = 0
configure:13508: result: 4
configure:13522: checking size of long
configure:13527: gcc -o conftest -g -O2   conftest.c  >&5
configure:13527: $? = 0
configure:13527: ./conftest
configure:13527: $? = 0
configure:13541: result: 8
configure:13555: checking size of float
configure:13560: gcc -o conftest -g -O2   conftest.c  >&5
configure:13560: $? = 0
configure:13560: ./conftest
configure:13560: $? = 0
configure:13574: result: 4
configure:13588: checking size of double
configure:13593: gcc -o conftest -g -O2   conftest.c  >&5
configure:13593: $? = 0
configure:13593: ./conftest
configure:13593: $? = 0
configure:13607: result: 8
configure:13621: checking processor byte ordering
configure:13700: gcc -o conftest -g -O2   conftest.c  >&5
configure:13700: $? = 0
configure:13718: gcc -o conftest -g -O2   conftest.c  >&5
configure:13718: $? = 0
configure:13742: gcc -o conftest -g -O2   conftest.c  >&5
configure:13742: $? = 0
configure:13835: result: little
configure:13880: checking for malloc
configure:13880: gcc -o conftest -g -O2   conftest.c  >&5
conftest.c:55:6: warning: conflicting types for built-in function 'malloc'; expected 'void *(long unsigned int)' [-Wbuiltin-declaration-mismatch]
   55 | char malloc ();
      |      ^~~~~~
conftest.c:43:1: note: 'malloc' is declared in header '<stdlib.h>'
   42 | # include <limits.h>
   43 | #else
configure:13880: $? = 0
configure:13880: result: yes
configure:13880: checking for calloc
configure:13880: gcc -o conftest -g -O2   conftest.c  >&5
conftest.c:56:6: warning: conflicting types for built-in function 'calloc'; expected 'void *(long unsigned int,  long unsigned int)' [-Wbuiltin-declaration-mismatch]
   56 | char calloc ();
      |      ^~~~~~
conftest.c:44:1: note: 'calloc' is declared in header '<stdlib.h>'
   43 | # include <limits.h>
   44 | #else
configure:13880: $? = 0
configure:13880: result: yes
configure:13880: checking for free
configure:13880: gcc -o conftest -g -O2   conftest.c  >&5
conftest.c:57:6: warning: conflicting types for built-in function 'free'; expected 'void(void *)' [-Wbuiltin-declaration-mismatch]
   57 | char free ();
      |      ^~~~
conftest.c:45:1: note: 'free' is declared in header '<stdlib.h>'
   44 | # include <limits.h>
   45 | #else
configure:13880: $? = 0
configure:13880: result: yes
configure:13880: checking for memcpy
configure:13880: gcc -o conftest -g -O2   conftest.c  >&5
conftest.c:58:6: warning: conflicting types for built-in function 'memcpy'; expected 'void *(void *, const void *, long unsigned int)' [-Wbuiltin-declaration-mismatch]
   58 | char memcpy ();
      |      ^~~~~~
conftest.c:46:1: note: 'memcpy' is declared in header '<string.h>'
   45 | # include <limits.h>
   46 | #else
configure:13880: $? = 0
configure:13880: result: yes
configure:13880: checking for memmove
configure:13880: gcc -o conftest -g -O2   conftest.c  >&5
conftest.c:59:6: warning: conflicting types for built-in function 'memmove'; expected 'void *(void *, const void *, long unsigned int)' [-Wbuiltin-declaration-mismatch]
   59 | char memmove ();
      |      ^~~~~~~
conftest.c:47:1: note: 'memmove' is declared in header '<string.h>'
   46 | # include <limits.h>
   47 | #else
configure:13880: $? = 0
configure:13880: result: yes
configure:13880: checking for alarm
configure:13880: gcc -o conftest -g -O2   conftest.c  >&5
configure:13880: $? = 0
configure:13880: result: yes
configure:13880: checking for signal
configure:13880: gcc -o conftest -g -O2   conftest.c  >&5
configure:13880: $? = 0
configure:13880: result: yes
configure:13890: checking for floor in -lm
configure:13915: gcc -o conftest -g -O2   conftest.c -lm   >&5
conftest.c:46:6: warning: conflicting types for built-in function 'floor'; expected 'double(double)' [-Wbuiltin-declaration-mismatch]
   46 | char floor ();
      |      ^~~~~
conftest.c:1:1: note: 'floor' is declared in header '<math.h>'
    1 | /* confdefs.h */
configure:13915: $? = 0
configure:13924: result: yes
configure:13938: checking for floor
configure:13938: gcc -o conftest -g -O2   conftest.c -lm  >&5
conftest.c:63:6: warning: conflicting types for built-in function 'floor'; expected 'double(double)' [-Wbuiltin-declaration-mismatch]
   63 | char floor ();
      |      ^~~~~
conftest.c:51:1: note: 'floor' is declared in header '<math.h>'
   50 | # include <limits.h>
   51 | #else
configure:13938: $? = 0
configure:13938: result: yes
configure:13938: checking for ceil
configure:13938: gcc -o conftest -g -O2   conftest.c -lm  >&5
conftest.c:64:6: warning: conflicting types for built-in function 'ceil'; expected 'double(double)' [-Wbuiltin-declaration-mismatch]
   64 | char ceil ();
      |      ^~~~
conftest.c:52:1: note: 'ceil' is declared in header '<math.h>'
   51 | # include <limits.h>
   52 | #else
configure:13938: $? = 0
configure:13938: result: yes
configure:13938: checking for fmod
configure:13938: gcc -o conftest -g -O2   conftest.c -lm  >&5
conftest.c:65:6: warning: conflicting types for built-in function 'fmod'; expected 'double(double,  double)' [-Wbuiltin-declaration-mismatch]
   65 | char fmod ();
      |      ^~~~
conftest.c:53:1: note: 'fmod' is declared in header '<math.h>'
   52 | # include <limits.h>
   53 | #else
configure:13938: $? = 0
configure:13938: result: yes
configure:13948: checking for SIGALRM
configure:13968: gcc -o conftest -g -O2   conftest.c -lm  >&5
configure:13968: $? = 0
configure:13978: result: yes
configure:13988: checking for lrint
configure:14014: gcc -o conftest -lm   conftest.c -lm  >&5
configure:14014: $? = 0
configure:14026: result: yes
configure:14035: checking for lrintf
configure:14061: gcc -o conftest -lm   conftest.c -lm  >&5
configure:14061: $? = 0
configure:14073: result: yes
configure:14099: checking processor clipping capabilities
configure:14139: gcc -o conftest -g -O2   conftest.c -lm  >&5
configure:14139: $? = 0
configure:14139: ./conftest
configure:14139: $? = 1
configure: program exited with status 1
configure: failed program was:
| /* confdefs.h */
| #define PACKAGE_NAME "libsamplerate"
| #define PACKAGE_TARNAME "libsamplerate"
| #define PACKAGE_VERSION "0.1.9"
| #define PACKAGE_STRING "libsamplerate 0.1.9"
| #define PACKAGE_BUGREPORT "erikd@mega-nerd.com"
| #define PACKAGE_URL "http://www.mega-nerd.com/libsamplerate/"
| #define PACKAGE "libsamplerate"
| #define VERSION "0.1.9"
| #define STDC_HEADERS 1
| #define HAVE_SYS_TYPES_H 1
| #define HAVE_SYS_STAT_H 1
| #define HAVE_STDLIB_H 1
| #define HAVE_STRING_H 1
| #define HAVE_MEMORY_H 1
| #define HAVE_STRINGS_H 1
| #define HAVE_INTTYPES_H 1
| #define HAVE_STDINT_H 1
| #define HAVE_UNISTD_H 1
| #define HAVE_DLFCN_H 1
| #define LT_OBJDIR ".libs/"
| #define STDC_HEADERS 1
| #define HAVE_STDINT_H 1
| #define HAVE_SYS_TIMES_H 1
| #define SIZEOF_INT 4
| #define SIZEOF_LONG 8
| #define SIZEOF_FLOAT 4
| #define SIZEOF_DOUBLE 8
| #define CPU_IS_BIG_ENDIAN 0
| #define CPU_IS_LITTLE_ENDIAN 1
| #define HAVE_MALLOC 1
| #define HAVE_CALLOC 1
| #define HAVE_FREE 1
| #define HAVE_MEMCPY 1
| #define HAVE_MEMMOVE 1
| #define HAVE_ALARM 1
| #define HAVE_SIGNAL 1
| #define HAVE_LIBM 1
| #define HAVE_FLOOR 1
| #define HAVE_CEIL 1
| #define HAVE_FMOD 1
| #define HAVE_SIGALRM 1
| #define HAVE_LRINT 1
| #define HAVE_LRINTF 1
| /* end confdefs.h.  */
| 
| 	#define	_ISOC9X_SOURCE	1
| 	#define _ISOC99_SOURCE	1
| 	#define	__USE_ISOC99	1
| 	#define __USE_ISOC9X	1
| 	#include <math.h>
| 	int main (void)
| 	{	double	fval ;
| 		int k, ival ;
| 
| 		fval = 1.0 * 0x7FFFFFFF ;
| 		for (k = 0 ; k < 100 ; k++)
| 		{	ival = (lrint (fval)) >> 24 ;
| 			if (ival != 127)
| 				return 1 ;
| 
| 			fval *= 1.2499999 ;
| 			} ;
| 
| 			return 0 ;
| 		}
| 
configure:14178: gcc -o conftest -g -O2   conftest.c -lm  >&5
configure:14178: $? = 0
configure:14178: ./conftest
configure:14178: $? = 1
configure: program exited with status 1
configure: failed program was:
| /* confdefs.h */
| #define PACKAGE_NAME "libsamplerate"
| #define PACKAGE_TARNAME "libsamplerate"
| #define PACKAGE_VERSION "0.1.9"
| #define PACKAGE_STRING "libsamplerate 0.1.9"
| #define PACKAGE_BUGREPORT "erikd@mega-nerd.com"
| #define PACKAGE_URL "http://www.mega-nerd.com/libsamplerate/"
| #define PACKAGE "libsamplerate"
| #define VERSION "0.1.9"
| #define STDC_HEADERS 1
| #define HAVE_SYS_TYPES_H 1
| #define HAVE_SYS_STAT_H 1
| #define HAVE_STDLIB_H 1
| #define HAVE_STRING_H 1
| #define HAVE_MEMORY_H 1
| #define HAVE_STRINGS_H 1
| #define HAVE_INTTYPES_H 1
| #define HAVE_STDINT_H 1
| #define HAVE_UNISTD_H 1
| #define HAVE_DLFCN_H 1
| #define LT_OBJDIR ".libs/"
| #define STDC_HEADERS 1
| #define HAVE_STDINT_H 1
| #define HAVE_SYS_TIMES_H 1
| #define SIZEOF_INT 4
| #define SIZEOF_LONG 8
| #define SIZEOF_FLOAT 4
| #define SIZEOF_DOUBLE 8
| #define CPU_IS_BIG_ENDIAN 0
| #define CPU_IS_LITTLE_ENDIAN 1
| #define HAVE_MALLOC 1
| #define HAVE_CALLOC 1
| #define HAVE_FREE 1
| #define HAVE_MEMCPY 1
| #define HAVE_MEMMOVE 1
| #define HAVE_ALARM 1
| #define HAVE_SIGNAL 1
| #define HAVE_LIBM 1
| #define HAVE_FLOOR 1
| #define HAVE_CEIL 1
| #define HAVE_FMOD 1
| #define HAVE_SIGALRM 1
| #define HAVE_LRINT 1
| #define HAVE_LRINTF 1
| /* end confdefs.h.  */
| 
| 	#define	_ISOC9X_SOURCE	1
| 	#define _ISOC99_SOURCE	1
| 	#define	__USE_ISOC99	1
| 	#define __USE_ISOC9X	1
| 	#include <math.h>
| 	int main (void)
| 	{	double	fval ;
| 		int k, ival ;
| 
| 		fval = -8.0 * 0x10000000 ;
| 		for (k = 0 ; k < 100 ; k++)
| 		{	ival = (lrint (fval)) >> 24 ;
| 			if (ival != -128)
| 				return 1 ;
| 
| 			fval *= 1.2499999 ;
| 			} ;
| 
| 			return 0 ;
| 		}
| 
configure:14220: result: none
configure:14308: checking for pkg-config
configure:14326: found /usr/bin/pkg-config
configure:14338: result: /usr/bin/pkg-config
configure:14363: checking pkg-config is at least version 0.9.0
configure:14366: result: yes
configure:14378: checking for SNDFILE
configure:14385: $PKG_CONFIG --exists --print-errors "sndfile >= 1.0.6"
Package sndfile was not found in the pkg-config search path.
Perhaps you should add the directory containing `sndfile.pc'
to the PKG_CONFIG_PATH environment variable
No package 'sndfile' found
configure:14388: $? = 1
configure:14402: $PKG_CONFIG --exists --print-errors "sndfile >= 1.0.6"
Package sndfile was not found in the pkg-config search path.
Perhaps you should add the directory containing `sndfile.pc'
to the PKG_CONFIG_PATH environment variable
No package 'sndfile' found
configure:14405: $? = 1
configure:14419: result: no
No package 'sndfile' found
configure:14473: checking alsa/asoundlib.h usability
configure:14473: gcc -c -g -O2  conftest.c >&5
conftest.c:82:10: fatal error: alsa/asoundlib.h: No such file or directory
   82 | #include <alsa/asoundlib.h>
      |          ^~~~~~~~~~~~~~~~~~
compilation terminated.
configure:14473: $? = 1
configure: failed program was:
| /* confdefs.h */
| #define PACKAGE_NAME "libsamplerate"
| #define PACKAGE_TARNAME "libsamplerate"
| #define PACKAGE_VERSION "0.1.9"
| #define PACKAGE_STRING "libsamplerate 0.1.9"
| #define PACKAGE_BUGREPORT "erikd@mega-nerd.com"
| #define PACKAGE_URL "http://www.mega-nerd.com/libsamplerate/"
| #define PACKAGE "libsamplerate"
| #define VERSION "0.1.9"
| #define STDC_HEADERS 1
| #define HAVE_SYS_TYPES_H 1
| #define HAVE_SYS_STAT_H 1
| #define HAVE_STDLIB_H 1
| #define HAVE_STRING_H 1
| #define HAVE_MEMORY_H 1
| #define HAVE_STRINGS_H 1
| #define HAVE_INTTYPES_H 1
| #define HAVE_STDINT_H 1
| #define HAVE_UNISTD_H 1
| #define HAVE_DLFCN_H 1
| #define LT_OBJDIR ".libs/"
| #define STDC_HEADERS 1
| #define HAVE_STDINT_H 1
| #define HAVE_SYS_TIMES_H 1
| #define SIZEOF_INT 4
| #define SIZEOF_LONG 8
| #define SIZEOF_FLOAT 4
| #define SIZEOF_DOUBLE 8
| #define CPU_IS_BIG_ENDIAN 0
| #define CPU_IS_LITTLE_ENDIAN 1
| #define HAVE_MALLOC 1
| #define HAVE_CALLOC 1
| #define HAVE_FREE 1
| #define HAVE_MEMCPY 1
| #define HAVE_MEMMOVE 1
| #define HAVE_ALARM 1
| #define HAVE_SIGNAL 1
| #define HAVE_LIBM 1
| #define HAVE_FLOOR 1
| #define HAVE_CEIL 1
| #define HAVE_FMOD 1
| #define HAVE_SIGALRM 1
| #define HAVE_LRINT 1
| #define HAVE_LRINTF 1
| #define CPU_CLIPS_POSITIVE 0
| #define CPU_CLIPS_NEGATIVE 0
| #define HAVE_SNDFILE 0
| /* end confdefs.h.  */
| #include <stdio.h>
| #ifdef HAVE_SYS_TYPES_H
| # include <sys/types.h>
| #endif
| #ifdef HAVE_SYS_STAT_H
| # include <sys/stat.h>
| #endif
| #ifdef STDC_HEADERS
| # include <stdlib.h>
| # include <stddef.h>
| #else
| # ifdef HAVE_STDLIB_H
| #  include <stdlib.h>
| # endif
| #endif
| #ifdef HAVE_STRING_H
| # if !defined STDC_HEADERS && defined HAVE_MEMORY_H
| #  include <memory.h>
| # endif
| # include <string.h>
| #endif
| #ifdef HAVE_STRINGS_H
| # include <strings.h>
| #endif
| #ifdef HAVE_INTTYPES_H
| # include <inttypes.h>
| #endif
| #ifdef HAVE_STDINT_H
| # include <stdint.h>
| #endif
| #ifdef HAVE_UNISTD_H
| # include <unistd.h>
| #endif
| #include <alsa/asoundlib.h>
configure:14473: result: no
configure:14473: checking alsa/asoundlib.h presence
configure:14473: gcc -E  conftest.c
conftest.c:49:10: fatal error: alsa/asoundlib.h: No such file or directory
   49 | #include <alsa/asoundlib.h>
      |          ^~~~~~~~~~~~~~~~~~
compilation terminated.
configure:14473: $? = 1
configure: failed program was:
| /* confdefs.h */
| #define PACKAGE_NAME "libsamplerate"
| #define PACKAGE_TARNAME "libsamplerate"
| #define PACKAGE_VERSION "0.1.9"
| #define PACKAGE_STRING "libsamplerate 0.1.9"
| #define PACKAGE_BUGREPORT "erikd@mega-nerd.com"
| #define PACKAGE_URL "http://www.mega-nerd.com/libsamplerate/"
| #define PACKAGE "libsamplerate"
| #define VERSION "0.1.9"
| #define STDC_HEADERS 1
| #define HAVE_SYS_TYPES_H 1
| #define HAVE_SYS_STAT_H 1
| #define HAVE_STDLIB_H 1
| #define HAVE_STRING_H 1
| #define HAVE_MEMORY_H 1
| #define HAVE_STRINGS_H 1
| #define HAVE_INTTYPES_H 1
| #define HAVE_STDINT_H 1
| #define HAVE_UNISTD_H 1
| #define HAVE_DLFCN_H 1
| #define LT_OBJDIR ".libs/"
| #define STDC_HEADERS 1
| #define HAVE_STDINT_H 1
| #define HAVE_SYS_TIMES_H 1
| #define SIZEOF_INT 4
| #define SIZEOF_LONG 8
| #define SIZEOF_FLOAT 4
| #define SIZEOF_DOUBLE 8
| #define CPU_IS_BIG_ENDIAN 0
| #define CPU_IS_LITTLE_ENDIAN 1
| #define HAVE_MALLOC 1
| #define HAVE_CALLOC 1
| #define HAVE_FREE 1
| #define HAVE_MEMCPY 1
| #define HAVE_MEMMOVE 1
| #define HAVE_ALARM 1
| #define HAVE_SIGNAL 1
| #define HAVE_LIBM 1
| #define HAVE_FLOOR 1
| #define HAVE_CEIL 1
| #define HAVE_FMOD 1
| #define HAVE_SIGALRM 1
| #define HAVE_LRINT 1
| #define HAVE_LRINTF 1
| #define CPU_CLIPS_POSITIVE 0
| #define CPU_CLIPS_NEGATIVE 0
| #define HAVE_SNDFILE 0
| /* end confdefs.h.  */
| #include <alsa/asoundlib.h>
configure:14473: result: no
configure:14473: checking for alsa/asoundlib.h
configure:14473: result: no
configure:14495: checking for FFTW3
configure:14502: $PKG_CONFIG --exists --print-errors "fftw3 >= 0.15.0"
Package fftw3 was not found in the pkg-config search path.
Perhaps you should add the directory containing `fftw3.pc'
to the PKG_CONFIG_PATH environment variable
No package 'fftw3' found
configure:14505: $? = 1
configure:14519: $PKG_CONFIG --exists --print-errors "fftw3 >= 0.15.0"
Package fftw3 was not found in the pkg-config search path.
Perhaps you should add the directory containing `fftw3.pc'
to the PKG_CONFIG_PATH environment variable
No package 'fftw3' found
configure:14522: $? = 1
configure:14536: result: no
No package 'fftw3' found
configure:14788: checking that generated files are newer than configure
configure:14794: result: done
configure:14821: creating ./config.status

## ---------------------- ##
## Running config.status. ##
## ---------------------- ##

This file was extended by libsamplerate config.status 0.1.9, which was
generated by GNU Autoconf 2.69.  Invocation command line was

  CONFIG_FILES    = 
  CONFIG_HEADERS  = 
  CONFIG_LINKS    = 
  CONFIG_COMMANDS = 
  $ ./config.status 

on papi

config.status:1260: creating Makefile
config.status:1260: creating M4/Makefile
config.status:1260: creating src/Version_script
config.status:1260: creating Win32/Makefile
config.status:1260: creating Win32/Makefile.mingw
config.status:1260: creating src/Makefile
config.status:1260: creating examples/Makefile
config.status:1260: creating tests/Makefile
config.status:1260: creating doc/Makefile
config.status:1260: creating libsamplerate.spec
config.status:1260: creating samplerate.pc
config.status:1260: creating src/config.h
config.status:1489: executing depfiles commands
config.status:1566: cd src       && sed -e '/# am--include-marker/d' Makefile         | make -f - am--depfiles
config.status:1571: $? = 0
config.status:1566: cd examples       && sed -e '/# am--include-marker/d' Makefile         | make -f - am--depfiles
config.status:1571: $? = 0
config.status:1566: cd tests       && sed -e '/# am--include-marker/d' Makefile         | make -f - am--depfiles
config.status:1571: $? = 0
config.status:1489: executing libtool commands
configure:17492: result:
-=-=-=-=-=-=-=-=-=-= Configuration Complete =-=-=-=-=-=-=-=-=-=-=-

  Configuration summary :

    Version : ..................... 0.1.9

    Host CPU : .................... x86_64
    Host Vendor : ................. unknown
    Host OS : ..................... linux-gnu

configure:17514: result:
  Extra tools required for testing and examples :

    Have FFTW : ................... no
configure:17520: result:     Have libsndfile : ............. no
configure:17523: result:     Have ALSA : ................... no

configure:17532: result:   Installation directories :

    Library directory : ........... /usr/local/lib
    Program directory : ........... /usr/local/bin
    Pkgconfig directory : ......... /usr/local/lib/pkgconfig


## ---------------- ##
## Cache variables. ##
## ---------------- ##

ac_cv_build=x86_64-unknown-linux-gnu
ac_cv_c99_lrint=yes
ac_cv_c99_lrintf=yes
ac_cv_c_big_endian=0
ac_cv_c_byte_order=little
ac_cv_c_clip_negative=0
ac_cv_c_clip_positive=0
ac_cv_c_clip_type=none
ac_cv_c_compiler_gnu=yes
ac_cv_c_little_endian=1
ac_cv_cxx_compiler_gnu=no
ac_cv_env_CCC_set=
ac_cv_env_CCC_value=
ac_cv_env_CC_set=
ac_cv_env_CC_value=
ac_cv_env_CFLAGS_set=
ac_cv_env_CFLAGS_value=
ac_cv_env_CPPFLAGS_set=
ac_cv_env_CPPFLAGS_value=
ac_cv_env_CPP_set=
ac_cv_env_CPP_value=
ac_cv_env_CXXCPP_set=
ac_cv_env_CXXCPP_value=
ac_cv_env_CXXFLAGS_set=
ac_cv_env_CXXFLAGS_value=
ac_cv_env_CXX_set=
ac_cv_env_CXX_value=
ac_cv_env_FFTW3_CFLAGS_set=
ac_cv_env_FFTW3_CFLAGS_value=
ac_cv_env_FFTW3_LIBS_set=
ac_cv_env_FFTW3_LIBS_value=
ac_cv_env_LDFLAGS_set=
ac_cv_env_LDFLAGS_value=
ac_cv_env_LIBS_set=
ac_cv_env_LIBS_value=
ac_cv_env_LT_SYS_LIBRARY_PATH_set=
ac_cv_env_LT_SYS_LIBRARY_PATH_value=
ac_cv_env_PKG_CONFIG_LIBDIR_set=
ac_cv_env_PKG_CONFIG_LIBDIR_value=
ac_cv_env_PKG_CONFIG_PATH_set=
ac_cv_env_PKG_CONFIG_PATH_value=
ac_cv_env_PKG_CONFIG_set=
ac_cv_env_PKG_CONFIG_value=
ac_cv_env_SNDFILE_CFLAGS_set=
ac_cv_env_SNDFILE_CFLAGS_value=
ac_cv_env_SNDFILE_LIBS_set=
ac_cv_env_SNDFILE_LIBS_value=
ac_cv_env_build_alias_set=
ac_cv_env_build_alias_value=
ac_cv_env_host_alias_set=
ac_cv_env_host_alias_value=
ac_cv_env_target_alias_set=
ac_cv_env_target_alias_value=
ac_cv_fftw3=no
ac_cv_func_alarm=yes
ac_cv_func_calloc=yes
ac_cv_func_ceil=yes
ac_cv_func_floor=yes
ac_cv_func_fmod=yes
ac_cv_func_free=yes
ac_cv_func_malloc=yes
ac_cv_func_memcpy=yes
ac_cv_func_memmove=yes
ac_cv_func_signal=yes
ac_cv_header_alsa_asoundlib_h=no
ac_cv_header_dlfcn_h=yes
ac_cv_header_inttypes_h=yes
ac_cv_header_memory_h=yes
ac_cv_header_stdc=yes
ac_cv_header_stdint_h=yes
ac_cv_header_stdlib_h=yes
ac_cv_header_string_h=yes
ac_cv_header_strings_h=yes
ac_cv_header_sys_stat_h=yes
ac_cv_header_sys_times_h=yes
ac_cv_header_sys_types_h=yes
ac_cv_header_unistd_h=yes
ac_cv_host=x86_64-unknown-linux-gnu
ac_cv_lib_m_floor=yes
ac_cv_objext=o
ac_cv_path_EGREP='/usr/bin/grep -E'
ac_cv_path_FGREP='/usr/bin/grep -F'
ac_cv_path_GREP=/usr/bin/grep
ac_cv_path_SED=/usr/bin/sed
ac_cv_path_ac_pt_PKG_CONFIG=/usr/bin/pkg-config
ac_cv_path_install='/usr/bin/install -c'
ac_cv_path_lt_DD=/usr/bin/dd
ac_cv_path_mkdir=/usr/bin/mkdir
ac_cv_prog_AWK=mawk
ac_cv_prog_CPP='gcc -E'
ac_cv_prog_ac_ct_AR=ar
ac_cv_prog_ac_ct_CC=gcc
ac_cv_prog_ac_ct_MANIFEST_TOOL=mt
ac_cv_prog_ac_ct_OBJDUMP=objdump
ac_cv_prog_ac_ct_RANLIB=ranlib
ac_cv_prog_ac_ct_STRIP=strip
ac_cv_prog_cc_c89=
ac_cv_prog_cc_g=yes
ac_cv_prog_cxx_g=no
ac_cv_prog_make_make_set=yes
ac_cv_signal_SIGALRM=yes
ac_cv_sizeof_double=8
ac_cv_sizeof_float=4
ac_cv_sizeof_int=4
ac_cv_sizeof_long=8
ac_cv_sndfile=no
ac_cv_target=x86_64-unknown-linux-gnu
am_cv_CC_dependencies_compiler_type=gcc3
am_cv_CXX_dependencies_compiler_type=none
am_cv_make_support_nested_variables=yes
am_cv_prog_cc_c_o=yes
lt_cv_ar_at_file=@
lt_cv_archive_cmds_need_lc=no
lt_cv_deplibs_check_method=pass_all
lt_cv_file_magic_cmd='$MAGIC_CMD'
lt_cv_file_magic_test_file=
lt_cv_ld_reload_flag=-r
lt_cv_nm_interface='BSD nm'
lt_cv_objdir=.libs
lt_cv_path_LD=/usr/bin/ld
lt_cv_path_NM='/usr/bin/nm -B'
lt_cv_path_mainfest_tool=no
lt_cv_prog_compiler_c_o=yes
lt_cv_prog_compiler_c_o_RC=yes
lt_cv_prog_compiler_pic='-fPIC -DPIC'
lt_cv_prog_compiler_pic_works=yes
lt_cv_prog_compiler_rtti_exceptions=no
lt_cv_prog_compiler_static_works=yes
lt_cv_prog_gnu_ld=yes
lt_cv_sharedlib_from_linklib_cmd='printf %s\n'
lt_cv_shlibpath_overrides_runpath=yes
lt_cv_sys_global_symbol_pipe='sed -n -e '\''s/^.*[	 ]\([ABCDGIRSTW][ABCDGIRSTW]*\)[	 ][	 ]*\([_A-Za-z][_A-Za-z0-9]*\)$/\1 \2 \2/p'\'' | sed '\''/ __gnu_lto/d'\'''
lt_cv_sys_global_symbol_to_c_name_address='sed -n -e '\''s/^: \(.*\) .*$/  {"\1", (void *) 0},/p'\'' -e '\''s/^[ABCDGIRSTW][ABCDGIRSTW]* .* \(.*\)$/  {"\1", (void *) \&\1},/p'\'''
lt_cv_sys_global_symbol_to_c_name_address_lib_prefix='sed -n -e '\''s/^: \(.*\) .*$/  {"\1", (void *) 0},/p'\'' -e '\''s/^[ABCDGIRSTW][ABCDGIRSTW]* .* \(lib.*\)$/  {"\1", (void *) \&\1},/p'\'' -e '\''s/^[ABCDGIRSTW][ABCDGIRSTW]* .* \(.*\)$/  {"lib\1", (void *) \&\1},/p'\'''
lt_cv_sys_global_symbol_to_cdecl='sed -n -e '\''s/^T .* \(.*\)$/extern int \1();/p'\'' -e '\''s/^[ABCDGIRSTW][ABCDGIRSTW]* .* \(.*\)$/extern char \1;/p'\'''
lt_cv_sys_global_symbol_to_import=
lt_cv_sys_max_cmd_len=1572864
lt_cv_to_host_file_cmd=func_convert_file_noop
lt_cv_to_tool_file_cmd=func_convert_file_noop
lt_cv_truncate_bin='/usr/bin/dd bs=4096 count=1'

## ----------------- ##
## Output variables. ##
## ----------------- ##

ACLOCAL='aclocal-1.16'
ACLOCAL_AMFLAGS='-I M4'
ALSA_LIBS=''
AMDEPBACKSLASH='\'
AMDEP_FALSE='#'
AMDEP_TRUE=''
AMTAR='$${TAR-tar}'
AM_BACKSLASH='\'
AM_DEFAULT_V='$(AM_DEFAULT_VERBOSITY)'
AM_DEFAULT_VERBOSITY='0'
AM_V='$(V)'
AR='ar'
AUTOCONF='autoconf'
AUTOHEADER='autoheader'
AUTOMAKE='automake-1.16'
AWK='mawk'
CC='gcc'
CCDEPMODE='depmode=gcc3'
CFLAGS='-Werror -g -O2 -std=gnu99 -W -Wstrict-prototypes -Wmissing-prototypes -Wall -Waggregate-return -Wcast-align -Wcast-qual -Wnested-externs -Wshadow -Wpointer-arith -pipe'
COMPILER_IS_GCC=''
CPP='gcc -E'
CPPFLAGS=''
CXX='g++'
CXXCPP=''
CXXDEPMODE='depmode=none'
CXXFLAGS=''
CYGPATH_W='echo'
DEFS='-DHAVE_CONFIG_H'
DEPDIR='.deps'
DLLTOOL='false'
DLLWRAP=''
DSYMUTIL=''
DUMPBIN=''
ECHO_C=''
ECHO_N='-n'
ECHO_T=''
EGREP='/usr/bin/grep -E'
EXEEXT=''
FFTW3_CFLAGS=''
FFTW3_LIBS=''
FGREP='/usr/bin/grep -F'
GCC_MAJOR_VERSION='9'
GREP='/usr/bin/grep'
HAVE_FFTW3='0'
HAVE_SNDFILE='0'
INSTALL_DATA='${INSTALL} -m 644'
INSTALL_PROGRAM='${INSTALL}'
INSTALL_SCRIPT='${INSTALL}'
INSTALL_STRIP_PROGRAM='$(install_sh) -c -s'
LD='/usr/bin/ld -m elf_x86_64'
LDFLAGS=''
LIBOBJS=''
LIBS='-lm '
LIBTOOL='$(SHELL) $(top_builddir)/libtool'
LIPO=''
LN_S='ln -s'
LTLIBOBJS=''
LT_SYS_LIBRARY_PATH=''
MAKEINFO='makeinfo'
MANIFEST_TOOL=':'
MKDIR_P='/usr/bin/mkdir -p'
NM='/usr/bin/nm -B'
NMEDIT=''
OBJDUMP='objdump'
OBJEXT='o'
OS_SPECIFIC_INCLUDES=''
OS_SPECIFIC_LINKS=''
OTOOL64=''
OTOOL=''
PACKAGE='libsamplerate'
PACKAGE_BUGREPORT='erikd@mega-nerd.com'
PACKAGE_NAME='libsamplerate'
PACKAGE_STRING='libsamplerate 0.1.9'
PACKAGE_TARNAME='libsamplerate'
PACKAGE_URL='http://www.mega-nerd.com/libsamplerate/'
PACKAGE_VERSION='0.1.9'
PATH_SEPARATOR=':'
PEXPORTS=''
PKG_CONFIG='/usr/bin/pkg-config'
PKG_CONFIG_LIBDIR=''
PKG_CONFIG_PATH=''
RANLIB='ranlib'
RC=''
SED='/usr/bin/sed'
SET_MAKE=''
SHARED_VERSION_INFO='1:8:1'
SHELL='/bin/bash'
SHLIB_VERSION_ARG='-Wl,--version-script=Version_script'
SNDFILE_CFLAGS=''
SNDFILE_LIBS=''
STRIP='strip'
VERSION='0.1.9'
ac_ct_AR='ar'
ac_ct_CC='gcc'
ac_ct_CXX=''
ac_ct_DUMPBIN=''
am__EXEEXT_FALSE=''
am__EXEEXT_TRUE='#'
am__fastdepCC_FALSE='#'
am__fastdepCC_TRUE=''
am__fastdepCXX_FALSE=''
am__fastdepCXX_TRUE='#'
am__include='include'
am__isrc=''
am__leading_dot='.'
am__nodep='_no'
am__quote=''
am__tar='$${TAR-tar} chof - "$$tardir"'
am__untar='$${TAR-tar} xf -'
bindir='${exec_prefix}/bin'
build='x86_64-unknown-linux-gnu'
build_alias=''
build_cpu='x86_64'
build_os='linux-gnu'
build_vendor='unknown'
datadir='${datarootdir}'
datarootdir='${prefix}/share'
docdir='${datarootdir}/doc/${PACKAGE_TARNAME}'
dvidir='${docdir}'
exec_prefix='${prefix}'
host='x86_64-unknown-linux-gnu'
host_alias=''
host_cpu='x86_64'
host_os='linux-gnu'
host_vendor='unknown'
htmldir='${docdir}'
htmldocdir='/usr/local/share/doc/libsamplerate0-dev/html'
includedir='${prefix}/include'
infodir='${datarootdir}/info'
install_sh='${SHELL} /home/papi/skola/diplomka/Alenka/libraries/libsamplerate/Cfg/install-sh'
libdir='${exec_prefix}/lib'
libexecdir='${exec_prefix}/libexec'
localedir='${datarootdir}/locale'
localstatedir='${prefix}/var'
mandir='${datarootdir}/man'
mkdir_p='$(MKDIR_P)'
oldincludedir='/usr/include'
pdfdir='${docdir}'
prefix='/usr/local'
program_transform_name='s,x,x,'
psdir='${docdir}'
runstatedir='${localstatedir}/run'
sbindir='${exec_prefix}/sbin'
sharedstatedir='${prefix}/com'
sysconfdir='${prefix}/etc'
target='x86_64-unknown-linux-gnu'
target_alias=''
target_cpu='x86_64'
target_os='linux-gnu'
target_vendor='unknown'

## ----------- ##
## confdefs.h. ##
## ----------- ##

/* confdefs.h */
#define PACKAGE_NAME "libsamplerate"
#define PACKAGE_TARNAME "libsamplerate"
#define PACKAGE_VERSION "0.1.9"
#define PACKAGE_STRING "libsamplerate 0.1.9"
#define PACKAGE_BUGREPORT "erikd@mega-nerd.com"
#define PACKAGE_URL "http://www.mega-nerd.com/libsamplerate/"
#define PACKAGE "libsamplerate"
#define VERSION "0.1.9"
#define STDC_HEADERS 1
#define HAVE_SYS_TYPES_H 1
#define HAVE_SYS_STAT_H 1
#define HAVE_STDLIB_H 1
#define HAVE_STRING_H 1
#define HAVE_MEMORY_H 1
#define HAVE_STRINGS_H 1
#define HAVE_INTTYPES_H 1
#define HAVE_STDINT_H 1
#define HAVE_UNISTD_H 1
#define HAVE_DLFCN_H 1
#define LT_OBJDIR ".libs/"
#define STDC_HEADERS 1
#define HAVE_STDINT_H 1
#define HAVE_SYS_TIMES_H 1
#define SIZEOF_INT 4
#define SIZEOF_LONG 8
#define SIZEOF_FLOAT 4
#define SIZEOF_DOUBLE 8
#define CPU_IS_BIG_ENDIAN 0
#define CPU_IS_LITTLE_ENDIAN 1
#define HAVE_MALLOC 1
#define HAVE_CALLOC 1
#define HAVE_FREE 1
#define HAVE_MEMCPY 1
#define HAVE_MEMMOVE 1
#define HAVE_ALARM 1
#define HAVE_SIGNAL 1
#define HAVE_LIBM 1
#define HAVE_FLOOR 1
#define HAVE_CEIL 1
#define HAVE_FMOD 1
#define HAVE_SIGALRM 1
#define HAVE_LRINT 1
#define HAVE_LRINTF 1
#define CPU_CLIPS_POSITIVE 0
#define CPU_CLIPS_NEGATIVE 0
#define HAVE_SNDFILE 0
#define HAVE_FFTW3 0
#define COMPILER_IS_GCC 1
#define GCC_MAJOR_VERSION 9
#define OS_IS_WIN32 0

configure: exit 0
